build/app/intermediates/manifest_merge_blame_file/debug/manifest-merger-blame-debug-report.txt
1<?xml version="1.0" encoding="utf-8"?>
2<manifest xmlns:android="http://schemas.android.com/apk/res/android"
3    package="com.example.elaborato"
4    android:versionCode="1"
5    android:versionName="1.0.0" >
6
7    <uses-sdk
8        android:minSdkVersion="21"
9        android:targetSdkVersion="30" />
10    <!--
11         Flutter needs it to communicate with the running application
12         to allow setting breakpoints, to provide hot reload, etc.
13    -->
14    <uses-permission android:name="android.permission.INTERNET" />
14-->src\debug\AndroidManifest.xml:6:5-66
14-->src\debug\AndroidManifest.xml:6:22-64
15    <uses-permission android:name="android.permission.CAMERA" />
15-->[:flutter_barcode_scanner] AndroidManifest.xml:9:5-65
15-->[:flutter_barcode_scanner] AndroidManifest.xml:9:22-62
16
17    <uses-feature android:name="android.hardware.camera" />
17-->[:flutter_barcode_scanner] AndroidManifest.xml:11:5-60
17-->[:flutter_barcode_scanner] AndroidManifest.xml:11:19-57
18
19    <uses-permission android:name="android.permission.FLASHLIGHT" />
19-->[:flutter_barcode_scanner] AndroidManifest.xml:13:5-69
19-->[:flutter_barcode_scanner] AndroidManifest.xml:13:22-66
20    <uses-permission android:name="android.permission.ACCESS_NETWORK_STATE" />
20-->[com.braintreepayments.api:drop-in:5.2.0] AndroidManifest.xml:12:5-79
20-->[com.braintreepayments.api:drop-in:5.2.0] AndroidManifest.xml:12:22-76
21
22    <queries>
22-->[com.braintreepayments:browser-switch:1.1.3] AndroidManifest.xml:11:5-19:15
23        <intent>
23-->[com.braintreepayments:browser-switch:1.1.3] AndroidManifest.xml:12:9-18:18
24            <action android:name="android.intent.action.VIEW" />
24-->src\main\AndroidManifest.xml:41:15-67
24-->src\main\AndroidManifest.xml:41:23-64
25
26            <category android:name="android.intent.category.BROWSABLE" />
26-->src\main\AndroidManifest.xml:43:15-76
26-->src\main\AndroidManifest.xml:43:25-73
27
28            <data android:scheme="https" />
29        </intent>
30    </queries>
31
32    <uses-feature
32-->[com.google.android.gms:play-services-maps:16.0.0] AndroidManifest.xml:26:5-28:35
33        android:glEsVersion="0x00020000"
33-->[com.google.android.gms:play-services-maps:16.0.0] AndroidManifest.xml:27:9-41
34        android:required="true" />
34-->[com.google.android.gms:play-services-maps:16.0.0] AndroidManifest.xml:28:9-32
35
36    <application
36-->src\main\AndroidManifest.xml:4:4-52:19
37        android:appComponentFactory="androidx.core.app.CoreComponentFactory"
37-->[androidx.core:core:1.3.0] AndroidManifest.xml:24:18-86
38        android:debuggable="true"
39        android:icon="@mipmap/ic_launcher"
39-->src\main\AndroidManifest.xml:6:9-43
40        android:label="elaborato"
40-->src\main\AndroidManifest.xml:5:9-34
41        android:largeHeap="true"
41-->[:flutter_barcode_scanner] AndroidManifest.xml:16:9-33
42        android:supportsRtl="true"
42-->[com.braintreepayments.api:drop-in:5.2.0] AndroidManifest.xml:16:9-35
43        android:theme="@style/Theme.AppCompat.NoActionBar" >
43-->[:flutter_barcode_scanner] AndroidManifest.xml:17:9-59
44        <activity
44-->src\main\AndroidManifest.xml:8:9-37:20
45            android:name="com.example.elaborato.MainActivity"
45-->src\main\AndroidManifest.xml:9:13-41
46            android:configChanges="orientation|keyboardHidden|keyboard|screenSize|smallestScreenSize|locale|layoutDirection|fontScale|screenLayout|density|uiMode"
46-->src\main\AndroidManifest.xml:12:13-163
47            android:hardwareAccelerated="true"
47-->src\main\AndroidManifest.xml:13:13-47
48            android:launchMode="singleTop"
48-->src\main\AndroidManifest.xml:10:13-43
49            android:theme="@style/LaunchTheme"
49-->src\main\AndroidManifest.xml:11:13-47
50            android:windowSoftInputMode="adjustResize" >
50-->src\main\AndroidManifest.xml:14:13-55
51
52            <!--
53                 Specifies an Android theme to apply to this Activity as soon as
54                 the Android process has started. This theme is visible to the user
55                 while the Flutter UI initializes. After that, this theme continues
56                 to determine the Window background behind the Flutter UI.
57            -->
58            <meta-data
58-->src\main\AndroidManifest.xml:19:13-22:17
59                android:name="io.flutter.embedding.android.NormalTheme"
59-->src\main\AndroidManifest.xml:20:15-70
60                android:resource="@style/NormalTheme" />
60-->src\main\AndroidManifest.xml:21:15-52
61            <meta-data
61-->src\main\AndroidManifest.xml:23:13-103
62                android:name="com.google.android.gms.wallet.api.enabled"
62-->src\main\AndroidManifest.xml:23:24-80
63                android:value="true" />
63-->src\main\AndroidManifest.xml:23:81-101
64            <!--
65                 Displays an Android View that continues showing the launch screen
66                 Drawable until Flutter paints its first frame, then this splash
67                 screen fades out. A splash screen is useful to avoid any visual
68                 gap between the end of Android's launch screen and the painting of
69                 Flutter's first frame.
70            -->
71            <meta-data
71-->src\main\AndroidManifest.xml:29:13-32:17
72                android:name="io.flutter.embedding.android.SplashScreenDrawable"
72-->src\main\AndroidManifest.xml:30:15-79
73                android:resource="@drawable/launch_background" />
73-->src\main\AndroidManifest.xml:31:15-61
74
75            <intent-filter>
75-->src\main\AndroidManifest.xml:33:13-36:29
76                <action android:name="android.intent.action.MAIN" />
76-->src\main\AndroidManifest.xml:34:17-68
76-->src\main\AndroidManifest.xml:34:25-66
77
78                <category android:name="android.intent.category.LAUNCHER" />
78-->src\main\AndroidManifest.xml:35:17-76
78-->src\main\AndroidManifest.xml:35:27-74
79            </intent-filter>
80        </activity>
81        <activity
81-->src\main\AndroidManifest.xml:38:9-46:18
82            android:name="com.braintreepayments.api.BraintreeBrowserSwitchActivity"
82-->src\main\AndroidManifest.xml:38:19-90
83            android:launchMode="singleTask" >
83-->src\main\AndroidManifest.xml:39:11-42
84            <intent-filter>
84-->src\main\AndroidManifest.xml:40:11-45:27
85                <action android:name="android.intent.action.VIEW" />
85-->src\main\AndroidManifest.xml:41:15-67
85-->src\main\AndroidManifest.xml:41:23-64
86
87                <category android:name="android.intent.category.DEFAULT" />
87-->src\main\AndroidManifest.xml:42:15-74
87-->src\main\AndroidManifest.xml:42:25-71
88                <category android:name="android.intent.category.BROWSABLE" />
88-->src\main\AndroidManifest.xml:43:15-76
88-->src\main\AndroidManifest.xml:43:25-73
89
90                <data android:scheme="com.example.elaborato.braintree" />
91            </intent-filter>
92        </activity>
93        <!--
94             Don't delete the meta-data below.
95             This is used by the Flutter tool to generate GeneratedPluginRegistrant.java
96        -->
97        <meta-data
97-->src\main\AndroidManifest.xml:49:9-51:33
98            android:name="flutterEmbedding"
98-->src\main\AndroidManifest.xml:50:13-44
99            android:value="2" />
99-->src\main\AndroidManifest.xml:51:13-30
100
101        <activity android:name="com.amolg.flutterbarcodescanner.BarcodeCaptureActivity" />
101-->[:flutter_barcode_scanner] AndroidManifest.xml:18:9-91
101-->[:flutter_barcode_scanner] AndroidManifest.xml:18:19-88
102        <activity
102-->[:flutter_braintree] AndroidManifest.xml:8:9-11:20
103            android:name="com.example.flutter_braintree.FlutterBraintreeCustom"
103-->[:flutter_braintree] AndroidManifest.xml:9:13-80
104            android:theme="@style/bt_transparent_activity" >
104-->[:flutter_braintree] AndroidManifest.xml:10:13-59
105        </activity>
106        <activity
106-->[:url_launcher] AndroidManifest.xml:8:9-11:74
107            android:name="io.flutter.plugins.urllauncher.WebViewActivity"
107-->[:url_launcher] AndroidManifest.xml:9:13-74
108            android:exported="false"
108-->[:url_launcher] AndroidManifest.xml:10:13-37
109            android:theme="@android:style/Theme.NoTitleBar.Fullscreen" />
109-->[:url_launcher] AndroidManifest.xml:11:13-71
110        <activity
110-->[com.google.android.gms:play-services-auth:16.0.1] AndroidManifest.xml:23:9-27:75
111            android:name="com.google.android.gms.auth.api.signin.internal.SignInHubActivity"
111-->[com.google.android.gms:play-services-auth:16.0.1] AndroidManifest.xml:24:13-93
112            android:excludeFromRecents="true"
112-->[com.google.android.gms:play-services-auth:16.0.1] AndroidManifest.xml:25:13-46
113            android:exported="false"
113-->[com.google.android.gms:play-services-auth:16.0.1] AndroidManifest.xml:26:13-37
114            android:theme="@android:style/Theme.Translucent.NoTitleBar" />
114-->[com.google.android.gms:play-services-auth:16.0.1] AndroidManifest.xml:27:13-72
115        <!--
116            Service handling Google Sign-In user revocation. For apps that do not integrate with
117            Google Sign-In, this service will never be started.
118        -->
119        <service
119-->[com.google.android.gms:play-services-auth:16.0.1] AndroidManifest.xml:33:9-36:110
120            android:name="com.google.android.gms.auth.api.signin.RevocationBoundService"
120-->[com.google.android.gms:play-services-auth:16.0.1] AndroidManifest.xml:34:13-89
121            android:exported="true"
121-->[com.google.android.gms:play-services-auth:16.0.1] AndroidManifest.xml:35:13-36
122            android:permission="com.google.android.gms.auth.api.signin.permission.REVOCATION_NOTIFICATION" />
122-->[com.google.android.gms:play-services-auth:16.0.1] AndroidManifest.xml:36:13-107
123
124        <activity
124-->[com.braintreepayments.api:drop-in:5.2.0] AndroidManifest.xml:18:9-20:64
125            android:name="com.braintreepayments.api.dropin.DropInActivity"
125-->[com.braintreepayments.api:drop-in:5.2.0] AndroidManifest.xml:19:13-75
126            android:theme="@style/bt_drop_in_activity_theme" />
126-->[com.braintreepayments.api:drop-in:5.2.0] AndroidManifest.xml:20:13-61
127        <activity
127-->[com.braintreepayments.api:drop-in:5.2.0] AndroidManifest.xml:21:9-23:65
128            android:name="com.braintreepayments.api.dropin.AddCardActivity"
128-->[com.braintreepayments.api:drop-in:5.2.0] AndroidManifest.xml:22:13-76
129            android:theme="@style/bt_add_card_activity_theme" />
129-->[com.braintreepayments.api:drop-in:5.2.0] AndroidManifest.xml:23:13-62
130        <activity
130-->[com.braintreepayments.api:drop-in:5.2.0] AndroidManifest.xml:24:9-26:70
131            android:name="com.braintreepayments.api.dropin.VaultManagerActivity"
131-->[com.braintreepayments.api:drop-in:5.2.0] AndroidManifest.xml:25:13-81
132            android:theme="@style/bt_vault_manager_activity_theme" />
132-->[com.braintreepayments.api:drop-in:5.2.0] AndroidManifest.xml:26:13-67
133
134        <service android:name="com.braintreepayments.api.internal.AnalyticsIntentService" />
134-->[com.braintreepayments.api:braintree:3.15.0] AndroidManifest.xml:17:9-93
134-->[com.braintreepayments.api:braintree:3.15.0] AndroidManifest.xml:17:18-90
135
136        <activity android:name="com.braintreepayments.api.ThreeDSecureActivity" />
136-->[com.braintreepayments.api:braintree:3.15.0] AndroidManifest.xml:19:9-83
136-->[com.braintreepayments.api:braintree:3.15.0] AndroidManifest.xml:19:19-80
137        <activity
137-->[com.google.android.gms:play-services-base:17.0.0] AndroidManifest.xml:23:9-26:75
138            android:name="com.google.android.gms.common.api.GoogleApiActivity"
138-->[com.google.android.gms:play-services-base:17.0.0] AndroidManifest.xml:24:13-79
139            android:exported="false"
139-->[com.google.android.gms:play-services-base:17.0.0] AndroidManifest.xml:25:13-37
140            android:theme="@android:style/Theme.Translucent.NoTitleBar" />
140-->[com.google.android.gms:play-services-base:17.0.0] AndroidManifest.xml:26:13-72
141
142        <meta-data
142-->[com.google.android.gms:play-services-basement:17.0.0] AndroidManifest.xml:23:9-25:69
143            android:name="com.google.android.gms.version"
143-->[com.google.android.gms:play-services-basement:17.0.0] AndroidManifest.xml:24:13-58
144            android:value="@integer/google_play_services_version" />
144-->[com.google.android.gms:play-services-basement:17.0.0] AndroidManifest.xml:25:13-66
145
146        <activity
146-->[com.braintreepayments.api:google-payment:3.3.1] AndroidManifest.xml:12:9-14:62
147            android:name="com.braintreepayments.api.GooglePaymentActivity"
147-->[com.braintreepayments.api:google-payment:3.3.1] AndroidManifest.xml:13:13-75
148            android:theme="@style/bt_transparent_activity" />
148-->[com.braintreepayments.api:google-payment:3.3.1] AndroidManifest.xml:14:13-59
149
150        <provider
150-->[org.jfrog.cardinalcommerce.gradle:cardinalmobilesdk:2.2.4-1] AndroidManifest.xml:17:9-21:40
151            android:name="com.cardinalcommerce.shared.cs.utils.CCInitProvider"
151-->[org.jfrog.cardinalcommerce.gradle:cardinalmobilesdk:2.2.4-1] AndroidManifest.xml:18:13-79
152            android:authorities="com.example.elaborato.CCInitProvider"
152-->[org.jfrog.cardinalcommerce.gradle:cardinalmobilesdk:2.2.4-1] AndroidManifest.xml:19:13-66
153            android:enabled="true"
153-->[org.jfrog.cardinalcommerce.gradle:cardinalmobilesdk:2.2.4-1] AndroidManifest.xml:20:13-35
154            android:exported="false" />
154-->[org.jfrog.cardinalcommerce.gradle:cardinalmobilesdk:2.2.4-1] AndroidManifest.xml:21:13-37
155
156        <activity
156-->[org.jfrog.cardinalcommerce.gradle:cardinalmobilesdk:2.2.4-1] AndroidManifest.xml:23:9-25:65
157            android:name="com.cardinalcommerce.shared.cs.userinterfaces.ChallengeHTMLView"
157-->[org.jfrog.cardinalcommerce.gradle:cardinalmobilesdk:2.2.4-1] AndroidManifest.xml:24:13-91
158            android:theme="@style/CardinalSDKTheme.ActionBar" />
158-->[org.jfrog.cardinalcommerce.gradle:cardinalmobilesdk:2.2.4-1] AndroidManifest.xml:25:13-62
159        <activity
159-->[org.jfrog.cardinalcommerce.gradle:cardinalmobilesdk:2.2.4-1] AndroidManifest.xml:26:9-29:76
160            android:name="com.cardinalcommerce.shared.cs.userinterfaces.ChallengeNativeView"
160-->[org.jfrog.cardinalcommerce.gradle:cardinalmobilesdk:2.2.4-1] AndroidManifest.xml:27:13-93
161            android:theme="@style/CardinalSDKTheme.ActionBar"
161-->[org.jfrog.cardinalcommerce.gradle:cardinalmobilesdk:2.2.4-1] AndroidManifest.xml:28:13-62
162            android:windowSoftInputMode="stateAlwaysHidden|adjustResize" />
162-->[org.jfrog.cardinalcommerce.gradle:cardinalmobilesdk:2.2.4-1] AndroidManifest.xml:29:13-73
163    </application>
164
165</manifest>